ISim log file
Running: D:\BUAA_Undergraduate\23-24autumn\CO_hw\P7\P7stand\mips_txt_isim_beh.exe -intstyle ise -gui -tclbatch isim.cmd -wdb D:/BUAA_Undergraduate/23-24autumn/CO_hw/P7/P7stand/mips_txt_isim_beh.wdb 
ISim P.20131013 (signature 0x7708f090)
----------------------------------------------------------------------
WARNING:Security:42 - Your software subscription period has lapsed. Your current version of Xilinx tools will continue to function, but you no longer qualify for Xilinx software updates or new releases.


----------------------------------------------------------------------
This is a Full version of ISim.
Time resolution is 1 ps
# onerror resume
# wave add /
# run 1000 ns
Simulator is doing circuit initialization process.
Finished circuit initialization process.
                  38@00003000: $ 1 <= 00001c01
                  46@00003008: $ 2 <= 7fff0000
                  50@0000300c: $ 3 <= 7fff0000
                  78@00004180: $26 <= 00001c03
                  82@00004184: $26 <= 80000030
                  86@00004188: $27 <= 0000007c
                  90@0000418c: $26 <= 00000030
                 106@0000419c: $26 <= 00003010
                 114@000041a0: $26 <= 00003014
                 150@00004180: $26 <= 00001c03
                 154@00004184: $26 <= 00000030
                 158@00004188: $27 <= 0000007c
                 162@0000418c: $26 <= 00000030
                 178@0000419c: $26 <= 00003014
                 186@000041a0: $26 <= 00003018
                 206@00003018: $ 4 <= 00000004
                 210@0000301c: $ 4 <= 00000000
                 226@00003024: $ 4 <= 7fff0001
                 230@00003028: $ 5 <= 00000009
                 234@0000302c: $ 8 <= 00000001
                 238@00003030: $ 6 <= 00007f00
                 250@0000303c: $ 7 <= 00000009
                 254@00003040: $ 7 <= 00000012
                 258@00003044: $ 7 <= 0000001b
                 278@00004180: $26 <= 00001c03
                 282@00004184: $26 <= 00000400
                 286@00004188: $27 <= 0000007c
                 290@0000418c: $26 <= 00000000
                 310@0000419c: $26 <= 00003048
                 318@000041a0: $26 <= 0000304c
                 338@0000304c: $ 1 <= 00000000
                 342@00003050: $ 1 <= 00001001
                 358@00003060: $ 7 <= 00000024
                 362@00003064: $ 7 <= 0000002d
                 366@00003068: $ 7 <= 00000036
                 370@0000306c: $ 7 <= 0000003f
