ISim log file
Running: D:\BUAA_Undergraduate\23-24autumn\CO_hw\P6\P6v0\mips_txt_isim_beh.exe -intstyle ise -gui -tclbatch isim.cmd -wdb D:/BUAA_Undergraduate/23-24autumn/CO_hw/P6/P6v0/mips_txt_isim_beh.wdb 
ISim P.20131013 (signature 0x7708f090)
----------------------------------------------------------------------
WARNING:Security:42 - Your software subscription period has lapsed. Your current version of Xilinx tools will continue to function, but you no longer qualify for Xilinx software updates or new releases.


----------------------------------------------------------------------
This is a Full version of ISim.
Time resolution is 1 ps
# onerror resume
# wave add /
# run 1000 ns
Simulator is doing circuit initialization process.
Finished circuit initialization process.
                  38@00003000: $ 8 <= 00000014
                  42@00003004: $ 9 <= 0000000a
                  46@00003008: $10 <= 0000001e
                  50@0000300c: $11 <= 0000000a
                  54@00003010: $12 <= 00000000
                  58@00003014: $13 <= 0000001e
                  62@00003018: $14 <= 00000000
                  66@0000301c: $15 <= 00000000
                  70@00003020: $16 <= 00000078
                  74@00003024: $17 <= 00000004
                  78@0000302c: *00000008 <= 00140000
                  78@00003028: $18 <= 00000074
                  86@00003030: $19 <= 00000014
                  90@00003034: $ 9 <= 00000001
                 102@0000303c: $ 9 <= 00000002
                 106@00003040: $ 9 <= 00000004
                 110@00003044: $31 <= 0000304c
                 114@00003048: $ 9 <= 00000008
                 118@0000304c: $ 9 <= 00000010
                 122@00003050: $20 <= 0000305c
                 134@00003058: $ 9 <= 00000020
