ISim log file
Running: D:\BUAA_Undergraduate\23-24autumn\CO_hw\P5\Pipeline\Pipeline\mips_tb_isim_beh.exe -intstyle ise -gui -tclbatch isim.cmd -wdb D:/BUAA_Undergraduate/23-24autumn/CO_hw/P5/Pipeline/Pipeline/mips_tb_isim_beh.wdb 
ISim P.20131013 (signature 0x7708f090)
----------------------------------------------------------------------
WARNING:Security:42 - Your software subscription period has lapsed. Your current version of Xilinx tools will continue to function, but you no longer qualify for Xilinx software updates or new releases.


----------------------------------------------------------------------
This is a Full version of ISim.
Time resolution is 1 ps
# onerror resume
# wave add /
# run 1000 ns
Simulator is doing circuit initialization process.
Finished circuit initialization process.
                  13@00003000: $28 <= 00000000
                  15@00003004: $29 <= 00000000
                  17@00003008: $31 <= 00003010
                  19@0000300c: $19 <= 00000010
                  21@00003014: $19 <= 00003020
                  29@00003020: $ 8 <= a1d60000
                  33@00003028: $ 8 <= 00000000
                  35@00003034: $19 <= 00003020
                  39@0000303c: $19 <= f8310000
                  41@00003044: $ 8 <= 00000000
                  43@00003048: $12 <= 0000dba3
                  47@00003050: $19 <= 00007042
                  49@00003058: $19 <= 00000000
                  51@0000305c: $12 <= 723a0000
                  53@00003060: $12 <= 723a0000
                  55@00003064: $ 8 <= 00000000
                  55@00003068: *00000004 <= 723a0000
                  61@00003070: $ 8 <= 00000000
                  63@00003074: $ 8 <= 723a00d7
                  65@00003078: $12 <= d0620000
                  67@0000307c: $ 8 <= d06279f7
                  69@00003080: $19 <= d0620000
                  71@00003084: $ 8 <= 00000000
                  71@00003088: *0000000c <= d0620000
                  75@0000308c: $31 <= 00003094
                  77@00003090: $19 <= 00000010
                  79@00003098: $19 <= 000030a4
                  87@000030a4: $19 <= 000030a4
                  89@000030a8: $19 <= 00000000
                  91@000030ac: $19 <= d0620000
                  93@000030b0: $ 8 <= 56560000
                  95@000030b4: $ 8 <= a8450000
                  97@000030b8: $12 <= 447f0000
                  99@000030bc: $19 <= 00000000
                  99@000030c0: *00000008 <= 447f0000
                 103@000030c4: $19 <= 9c3a0000
                 105@000030c8: $ 8 <= 00000000
                 107@000030cc: $ 8 <= 723a0000
                 111@000030d4: $19 <= 00000000
                 113@000030e0: $ 8 <= b6b90000
                 115@000030e4: $19 <= 78180000
                 117@000030e8: $19 <= b6b907b5
                 119@000030ec: $12 <= 778a0000
                 121@000030f0: $ 8 <= 00000000
                 121@000030f4: *00000004 <= 778a0000
                 127@000030fc: $19 <= b6b99fbd
                 129@00003104: $19 <= 00000000
                 131@00003108: $12 <= d0620000
                 135@0000310c: $ 8 <= d0620000
                 141@00003114: $19 <= 00000000
                 141@00003118: *00000008 <= d0620000
                 145@0000311c: $19 <= d0620000
                 147@00003120: $ 8 <= 00000000
                 147@00003124: *0000000c <= d0620000
                 151@00003128: $31 <= 00003130
                 153@0000312c: $19 <= 00000010
                 155@00003134: $19 <= 00003140
                 163@00003140: $ 8 <= 00000000
                 165@00003144: $ 8 <= 00000000
                 169@0000314c: $ 8 <= 00000000
                 171@00003158: $12 <= 00000000
                 173@0000315c: $ 8 <= 00003f5c
                 175@00003160: $19 <= 0000bfde
                 177@00003164: $ 8 <= 00000001
                 181@0000316c: $19 <= e8bc0000
                 183@00003174: $12 <= b2cf0000
                 187@0000317c: $ 8 <= b2cf30a3
                 189@00003184: $ 8 <= e8bc692c
                 191@00003188: $31 <= 00003190
                 193@0000318c: $19 <= 00000010
                 195@00003194: $19 <= 000031a0
                 205@000031a4: $ 8 <= 00000000
                 207@000031b0: $ 8 <= 00000000
                 209@000031b4: $ 8 <= 778a0000
                 213@000031bc: $ 8 <= 00000000
                 215@000031c0: $ 8 <= 778a0000
                 217@000031c4: $ 8 <= 00000000
                 219@000031c8: $ 8 <= 00000000
                 221@000031cc: $19 <= 00007fa9
                 223@000031d0: $12 <= 00000000
                 225@000031d4: $12 <= 778a0000
                 227@000031d8: $ 8 <= 00000000
                 227@000031dc: *00000004 <= 778a0000
                 231@000031e0: $31 <= 000031e8
                 233@000031e4: $ 8 <= 00000010
                 235@000031ec: $ 8 <= 000031f8
                 245@000031fc: $19 <= 778a31f8
                 247@00003204: $19 <= 778a31f8
                 249@00003208: $12 <= 00000000
                 251@0000320c: $31 <= 00003214
                 253@00003210: $12 <= 00000010
                 255@00003218: $12 <= 00003224
                 265@00003228: $19 <= 00000000
                 267@00003234: $12 <= ffffffd4
                 269@00003238: $12 <= c4660000
                 271@0000323c: $19 <= c46631f8
                 273@00003240: $12 <= 000071fe
                 275@00003244: $19 <= c4663bfb
                 277@00003248: $19 <= c466bbff
                 279@0000324c: $ 8 <= 18790000
                 281@00003250: $31 <= 00003258
                 283@00003254: $ 8 <= 00000010
                 285@0000325c: $ 8 <= 00003268
                 293@00003268: $19 <= 00000000
                 293@0000326c: *0000000c <= 00000000
                 297@00003270: $ 8 <= 425b0000
                 301@00003278: $19 <= 00000000
                 303@00003288: $19 <= 00000000
                 305@0000328c: $ 8 <= 00000000
                 309@00003294: $19 <= 00000000
                 311@000032a4: $ 8 <= 00000000
                 313@000032a8: $ 8 <= 778a0000
                 315@000032ac: $31 <= 000032b4
                 317@000032b0: $12 <= 00000010
                 319@000032b8: $12 <= 000032c4
                 327@000032c4: $ 8 <= 778a0000
                 329@000032c8: $12 <= 3eaf0000
                 331@000032cc: $19 <= 778aed79
                 333@000032d0: $31 <= 000032d8
                 335@000032d4: $ 8 <= 00000010
                 337@000032dc: $ 8 <= 000032e8
                 345@000032e8: $19 <= 3eaf32e8
                 347@000032ec: $19 <= 00000000
                 349@000032f0: $19 <= 00000000
                 351@000032f4: $31 <= 000032fc
                 353@000032f8: $ 8 <= 00000010
                 355@00003300: $ 8 <= 0000330c
                 363@0000330c: $ 8 <= 3eaf330c
                 367@00003314: $12 <= f7cb0000
                 369@00003318: $ 8 <= 367a330c
                 371@0000331c: $12 <= 00000000
                 373@00003320: $19 <= d0620000
                 377@00003324: $12 <= 2f9e0000
                 381@0000332c: $12 <= 00000000
                 383@0000333c: $19 <= 2f9e0000
                 385@00003340: $ 8 <= 00000000
                 387@00003344: $12 <= 00000000
                 389@00003348: $12 <= 5e6a0000
                 391@0000334c: $12 <= 2f9ee3ae
                 393@00003350: $12 <= 00000000
                 395@00003354: $19 <= 00000000
                 397@00003358: $31 <= 00003360
                 399@0000335c: $19 <= 00000010
                 401@00003364: $19 <= 00003370
                 409@00003370: $ 8 <= ffffcc90
                 411@00003374: $19 <= ffffcc90
                 417@0000337c: $12 <= 00000000
                 419@0000338c: $12 <= ffffcc90
                 421@00003390: $ 8 <= 00000000
                 427@00003398: $19 <= 9f6a0000
                 429@0000339c: $ 8 <= ffffecb6
                 431@000033a0: $12 <= 00000000
                 433@000033a4: $ 8 <= 00000000
                 435@000033a8: $12 <= 00000000
                 437@000033ac: $31 <= 000033b4
                 439@000033b0: $ 8 <= 00000010
                 441@000033b8: $ 8 <= 000033c4
                 449@000033c4: $ 8 <= 00000000
                 451@000033c8: $12 <= d0620000
                 455@000033d0: $ 8 <= 9f6a93ac
                 457@000033d8: $12 <= 00000000
                 457@000033dc: *00000000 <= 9f6a93ac
                 461@000033e0: $12 <= 00000000
                 463@000033e4: $19 <= d0620000
                 465@000033e8: $ 8 <= 00000000
                 465@000033ec: *00000004 <= d0620000
                 469@000033f0: $ 8 <= d0620000
                 475@000033f8: $ 8 <= 00000000
                 477@00003404: $ 8 <= 2f9e0000
                 479@00003408: $12 <= 00000000
                 481@0000340c: $19 <= 00000000
                 483@00003410: $12 <= 17020000
                 485@00003414: $19 <= e8fe0000
                 487@00003418: $19 <= 56ac0000
                 489@0000341c: $31 <= 00003424
                 491@00003420: $ 8 <= 00000010
                 493@00003428: $ 8 <= 00003434
                 501@00003434: $12 <= 17025d4e
                 503@00003438: $31 <= 00003440
                 505@0000343c: $19 <= 00000010
                 507@00003444: $19 <= 00003450
                 517@00003454: $ 8 <= 00000000
                 519@00003460: $19 <= 00000000
                 519@00003464: *00000004 <= 17025d4e
                 523@00003468: $19 <= 17025d4e
                 525@0000346c: $ 8 <= 00000000
                 525@00003470: *00000004 <= 17025d4e
                 529@00003474: $19 <= d6520000
                 531@00003478: $12 <= 00000000
                 531@0000347c: *00000000 <= 00000000
                 535@00003480: $19 <= 29ae0000
                 537@00003484: $ 8 <= 29ae3810
                 539@00003488: $ 8 <= 00000000
                 541@0000348c: $12 <= 00000000
                 545@00003494: $ 8 <= 00000000
                 547@0000349c: $12 <= 00000000
                 549@000034a0: $ 8 <= 00000000
                 551@000034a4: $12 <= 17025d4e
                 555@000034ac: $19 <= 8c940000
                 557@000034b4: $19 <= 00000000
                 559@000034b8: $19 <= 00001559
                 561@000034bc: $12 <= 00000000
                 563@000034c0: $19 <= d0620000
                 565@000034c4: $ 8 <= 00000000
                 567@000034c8: $19 <= d0620000
                 569@000034cc: $ 8 <= 00000000
                 569@000034d0: *00000004 <= 00000000
                 575@000034d8: $12 <= 00000000
                 575@000034dc: *00000008 <= 00000000
                 579@000034e0: $ 8 <= a0c40000
                 581@000034e4: $12 <= 00000000
                 583@000034e8: $12 <= a0c4fb00
                 585@000034ec: $19 <= a0c4ff36
                 587@000034f0: $31 <= 000034f8
                 589@000034f4: $ 8 <= 00000010
                 591@000034fc: $ 8 <= 00003508
                 601@0000350c: $12 <= 00000000
                 603@0000351c: $ 8 <= 00000000
                 605@00003520: $12 <= 00000000
                 607@00003524: $19 <= 00000000
                 609@00003528: $ 8 <= 00000000
                 609@0000352c: *00000000 <= 00000000
                 613@00003530: $19 <= 00000000
                 615@00003534: $ 8 <= 00000000
                 617@00003538: $ 8 <= 00005216
                 621@00003540: $ 8 <= 6ba40000
                 623@00003548: $19 <= 0000ac84
                 625@0000354c: $12 <= 0000aef7
                 627@00003550: $19 <= 945cac84
                 631@00003558: $ 8 <= 945bfd8d
                 633@00003560: $ 8 <= 938b0000
                 635@00003564: $19 <= 00000000
                 637@00003568: $12 <= 00000000
                 641@0000356c: $19 <= 00000000
                 647@00003574: $19 <= 938b632d
                 649@0000357c: $ 8 <= 0000bd46
                 651@00003580: $31 <= 00003588
                 653@00003584: $19 <= 00000010
                 655@0000358c: $19 <= 00003598
                 665@0000359c: $19 <= 0000b598
                 667@000035a4: $ 8 <= 00016b30
                 669@000035a8: $ 8 <= 0001fffa
                 671@000035ac: $19 <= 0000bd9d
                 675@000035b4: $19 <= 0001fffa
                 677@000035bc: $19 <= 0001fffa
                 679@000035c0: $12 <= 9dfd0000
                 681@000035c4: $31 <= 000035cc
                 683@000035c8: $ 8 <= 00000010
                 685@000035d0: $ 8 <= 000035dc
                 693@000035dc: $19 <= 00000000
                 695@000035e0: $ 8 <= 9dfd1ac2
                 697@000035e4: $ 8 <= 3bfa1ac2
                 699@000035e8: $31 <= 000035f0
                 701@000035ec: $12 <= 00000010
                 703@000035f4: $12 <= 00003600
                 713@00003604: $19 <= 00009563
                 715@00003608: $19 <= 00000000
                 717@0000360c: $12 <= 00000000
                 719@00003610: $12 <= 03770000
                 721@00003614: $12 <= a6b40000
                 723@00003618: $12 <= 64bf0000
                 725@0000361c: $12 <= 9bcc0000
                 727@00003620: $19 <= 9bcc5dee
                 729@00003624: $19 <= 00000000
                 729@00003628: *00000000 <= 00000000
                 735@00003630: $19 <= 3bfa3bee
                 737@00003638: $12 <= 3bfa9eda
                 739@0000363c: $19 <= 77f4dac8
                 741@00003640: $19 <= 00000000
                 741@00003644: *00000004 <= 00000000
                 745@00003648: $12 <= 00000000
                 745@0000364c: *0000000c <= 00000000
                 749@00003650: $31 <= 00003658
                 751@00003654: $12 <= 00000010
                 753@0000365c: $12 <= 00003668
                 761@00003668: $31 <= 00003670
                 763@0000366c: $12 <= 00000010
                 765@00003674: $12 <= 00003680
                 773@00003680: $19 <= 31790000
                 775@00003684: $12 <= acae0000
                 777@00003688: $31 <= 00003690
                 779@0000368c: $12 <= 00000010
                 781@00003694: $12 <= 000036a0
                 789@000036a0: $19 <= 00000000
                 791@000036a4: $19 <= 00000000
                 795@000036a8: $12 <= 000036a0
                 797@000036ac: $12 <= 66580000
                 799@000036b0: $ 8 <= 00000000
                 801@000036b4: $12 <= 52e20000
                 803@000036b8: $ 8 <= 00000000
                 805@000036bc: $12 <= 00000000
                 807@000036c0: $31 <= 000036c8
                 809@000036c4: $19 <= 00000010
                 811@000036cc: $19 <= 000036d8
                 819@000036d8: $19 <= 00000000
                 821@000036dc: $31 <= 000036e4
                 823@000036e0: $12 <= 00000010
                 825@000036e8: $12 <= 000036f4
                 835@000036f8: $ 8 <= 00000000
                 837@00003708: $19 <= 00000000
                 839@0000370c: $31 <= 00003714
                 841@00003710: $12 <= 00000010
                 843@00003718: $12 <= 00003724
                 851@00003724: $19 <= 00000000
                 851@00003728: *00000000 <= 00000000
                 857@00003730: $ 8 <= 00000000
                 859@00003738: $12 <= 00000000
                 861@0000373c: $19 <= 00000000
                 863@00003740: $19 <= 00000000
                 865@00003744: $19 <= 00000000
                 867@00003748: $19 <= 00000000
                 871@00003750: $12 <= 00000000
                 873@0000375c: $12 <= 00002385
                 875@00003760: $19 <= 00000000
                 877@00003764: $ 8 <= 00000000
                 879@00003768: $12 <= 00000000
                 883@0000376c: $12 <= 00002bf0
                 885@00003770: $31 <= 00003778
                 887@00003774: $ 8 <= 00000010
                 889@0000377c: $ 8 <= 00003788
                 897@00003788: $12 <= 00000000
                 899@0000378c: $19 <= 00000000
                 901@00003790: $19 <= 00003ffa
                 903@00003794: $31 <= 0000379c
                 905@00003798: $19 <= 00000010
                 907@000037a0: $19 <= 000037ac
                 917@000037b0: $19 <= 000037ac
                 919@000037b4: $ 8 <= 00000000
                 921@000037b8: $19 <= 00000000
                 923@000037bc: $12 <= a1770000
                 925@000037c0: $12 <= 00000000
                 927@000037c4: $ 8 <= 00000000
                 931@000037c8: $ 8 <= 00000000
                 937@000037d0: $ 8 <= 00000000
                 939@000037dc: $ 8 <= 00000000
                 941@000037e0: $ 8 <= fbeb0000
                 943@000037e4: $12 <= fbeb88c5
                 945@000037e8: $31 <= 000037f0
                 947@000037ec: $ 8 <= 00000010
                 949@000037f4: $ 8 <= 00003800
                 957@00003800: $ 8 <= fbeb88c5
                 959@00003804: $19 <= fbebcecf
                 961@00003808: $ 8 <= 00000000
                 963@0000380c: $ 8 <= 00000000
                 967@00003814: $19 <= fbeb88c5
                 969@00003820: $ 8 <= 00000000
                 971@00003824: $19 <= 00000000
                 975@00003828: $12 <= 00000000
                 977@0000382c: $12 <= 00000000
                 979@00003830: $31 <= 00003838
                 981@00003834: $19 <= 00000010
                 983@0000383c: $19 <= 00003848
                 991@00003848: $19 <= 00008772
                 995@00003850: $12 <= 00000000
                 997@00003860: $19 <= 00000000
                 999@00003864: $ 8 <= e6b20000
# run all
                1003@0000386c: $ 8 <= 00000000
                1005@00003878: $19 <= 00000000
                1007@0000387c: $ 8 <= 00000000
                1009@00003880: $ 8 <= 00000000
                1011@00003884: $ 8 <= 00000000
                1015@0000388c: $12 <= 00000000
                1017@00003894: $19 <= 00000000
                1017@00003898: *0000000c <= 00000000
                1021@0000389c: $ 8 <= 00000000
                1023@000038a0: $ 8 <= 3b560000
                1025@000038a4: $ 8 <= 00000000
                1027@000038a8: $12 <= 00000000
                1029@000038ac: $ 8 <= 0000496e
                1031@000038b0: $ 8 <= 0000496e
                1033@000038b4: $31 <= 000038bc
                1035@000038b8: $12 <= 00000010
                1037@000038c0: $12 <= 000038cc
                1045@000038cc: $12 <= 00000000
                1045@000038d0: *0000000c <= 00000000
                1049@000038d4: $ 8 <= cf830000
                1051@000038d8: $ 8 <= cf837a3c
                1053@000038dc: $ 8 <= 00000000
                1055@000038e0: $12 <= 00000000
                1057@000038e4: $19 <= 00000000
                1059@000038e8: $19 <= 00000000
                1061@000038ec: $31 <= 000038f4
                1063@000038f0: $ 8 <= 00000010
                1065@000038f8: $ 8 <= 00003904
                1073@00003904: $31 <= 0000390c
                1075@00003908: $19 <= 00000010
                1077@00003910: $19 <= 0000391c
                1085@0000391c: $12 <= 0000911f
                1089@00003924: $ 8 <= e9350000
                1091@00003930: $19 <= 00000000
                1093@00003934: $19 <= 00000000
                1097@0000393c: $12 <= 0000ad5e
                1099@00003940: $12 <= e93452a2
                1101@00003944: $19 <= 00000000
                1101@00003948: *0000000c <= e9350000
                1105@0000394c: $12 <= 00000000
                1107@00003950: $19 <= e9350000
                1109@00003954: $12 <= e9350000
                1111@00003958: $12 <= 00000000
                1111@0000395c: *0000000c <= e9350000
                1115@00003960: $19 <= e9350000
                1117@00003964: $ 8 <= 00000000
                1119@00003968: $12 <= 00000000
                1119@0000396c: *00000008 <= 00000000
                1123@00003970: $ 8 <= 00000000
                1125@00003974: $12 <= 00000000
                1125@00003978: *0000000c <= e9350000
                1129@0000397c: $19 <= 16cb0000
                1131@00003980: $ 8 <= 00000000
                1135@00003988: $ 8 <= 00000000
                1137@00003990: $12 <= 2d960000
                1139@00003994: $19 <= 16cb1a41
                1141@00003998: $ 8 <= 00000000
                1141@0000399c: *0000000c <= 00000000
                1145@000039a0: $31 <= 000039a8
                1147@000039a4: $12 <= 00000010
                1149@000039ac: $12 <= 000039b8
                1157@000039b8: $ 8 <= 000039b8
                1159@000039bc: $19 <= 00000000
                1161@000039c0: $ 8 <= 00000000
                1165@000039c8: $12 <= c0700000
                1167@000039d0: $ 8 <= 00000000
                1169@000039d4: $19 <= 3f900000
                1171@000039d8: $12 <= 3f900000
                1173@000039dc: $19 <= 00000000
                1175@000039e0: $19 <= 00000000
                1177@000039e4: $12 <= 00000000
                1179@000039e8: $12 <= 00000000
                1183@000039f0: $19 <= 00000000
                1185@000039f8: $12 <= 00000000
                1187@000039fc: $19 <= 00000000
                1189@00003a00: $31 <= 00003a08
                1191@00003a04: $19 <= 00000010
                1193@00003a0c: $19 <= 00003a18
                1201@00003a18: $12 <= 00000000
                1203@00003a1c: $19 <= 00000000
                1205@00003a20: $19 <= 00004fde
                1207@00003a24: $ 8 <= 00009fbc
                1209@00003a28: $19 <= 00000000
                1215@00003a30: $ 8 <= 051d0000
                1217@00003a3c: $ 8 <= 00001260
                1219@00003a40: $12 <= ffffeda0
                1221@00003a44: $ 8 <= c2680000
                1223@00003a48: $12 <= ffffefaf
                1225@00003a4c: $12 <= ffffffff
                1227@00003a50: $12 <= 00000000
                1229@00003a54: $12 <= 00000000
                1233@00003a5c: $12 <= 00006993
                1235@00003a64: $19 <= 0000f99f
                1237@00003a68: $19 <= 00000000
                1237@00003a6c: *0000000c <= 00000000
                1241@00003a70: $ 8 <= c4190000
                1243@00003a74: $12 <= 00000000
                1247@00003a7c: $12 <= 3be70000
                1249@00003a84: $12 <= cdd90000
                1251@00003a88: $ 8 <= 00000000
                1253@00003a8c: $12 <= 00000000
                1255@00003a90: $19 <= 00000000
                1257@00003a94: $ 8 <= 00000000
                1261@00003a9c: $12 <= 00000000
                1263@00003aa8: $19 <= 00000000
                1265@00003aac: $ 8 <= 68790000
                1267@00003ab0: $19 <= 0000f698
                1271@00003ab8: $ 8 <= 0000f69e
                1273@00003abc: $12 <= 0000f698
                1275@00003ac0: $19 <= 0001ed3c
                1277@00003ac4: $ 8 <= 00000000
                1277@00003ac8: *0000000c <= 00000000
                1281@00003acc: $19 <= 00000000
                1283@00003ad0: $ 8 <= 00000000
                1287@00003ad8: $ 8 <= 00000000
                1289@00003ae4: $12 <= 00000000
                1289@00003ae8: *00000000 <= 00000000
                1293@00003aec: $19 <= 00000000
                1293@00003af0: *00000004 <= 00000000
                1299@00003af8: $19 <= 3cfc0000
                1301@00003b00: $ 8 <= 3cfc0000
                1303@00003b04: $12 <= 30a10000
                1305@00003b08: $ 8 <= 00000000
                1305@00003b0c: *0000000c <= 00000000
                1309@00003b10: $12 <= 30a10000
                1311@00003b14: $ 8 <= 3cfc0000
                1313@00003b18: $19 <= 23a10000
                1315@00003b1c: $19 <= 00000000
                1317@00003b20: $ 8 <= 00000000
                1319@00003b24: $12 <= 00000000
                1321@00003b28: $19 <= 00000000
                1325@00003b2c: $19 <= 000033f2
                1327@00003b30: $12 <= 00000000
                1329@00003b34: $12 <= 00000000
                1331@00003b38: $12 <= 0000f7fb
                1333@00003b3c: $ 8 <= 0000c409
                1335@00003b40: $19 <= 0000fd4b
                1337@00003b44: $ 8 <= 0001c154
                1339@00003b48: $12 <= 0001e9dd
                1341@00003b4c: $ 8 <= 0002e728
                1345@00003b54: $19 <= 0000fd4b
                1347@00003b5c: $12 <= 0003d3ba
                1349@00003b60: $12 <= 55810000
                1353@00003b68: $19 <= 00000000
                1355@00003b70: $19 <= 5581e24d
                1357@00003b74: $31 <= 00003b7c
                1359@00003b78: $12 <= 00000010
                1361@00003b80: $12 <= 00003b8c
                1371@00003b90: $12 <= 6a080000
                1373@00003b94: $12 <= 6a0ae728
                1375@00003b98: $12 <= 6a080000
                1377@00003b9c: $31 <= 00003ba4
                1379@00003ba0: $19 <= 00000010
                1381@00003ba8: $19 <= 00003bb4
                1389@00003bb4: $12 <= 6a083bb4
                1391@00003bb8: $31 <= 00003bc0
                1393@00003bbc: $12 <= 00000010
                1395@00003bc4: $12 <= 00003bd0
                1403@00003bd0: $12 <= 00003bff
                1405@00003bd4: $ 8 <= 0000fbff
                1409@00003bdc: $19 <= ffff3fb5
                1411@00003be4: $12 <= 00000000
                1411@00003be8: *00000004 <= 00000000
                1415@00003bec: $31 <= 00003bf4
                1417@00003bf0: $12 <= 00000010
                1419@00003bf8: $12 <= 00003c04
                1429@00003c08: $12 <= 5ef70000
                1431@00003c10: $12 <= 0001bc4a
                1433@00003c14: $12 <= 0000c04b
                1437@00003c1c: $19 <= 00018096
                1439@00003c24: $19 <= 00000000
                1441@00003c28: $12 <= 00000000
                1443@00003c2c: $ 8 <= 00000000
                1445@00003c30: $19 <= 00000000
                1447@00003c34: $19 <= d9bd0000
                1449@00003c38: $12 <= d9bd2387
                1451@00003c3c: $ 8 <= 86550000
                1453@00003c40: $ 8 <= 00000000
                1453@00003c44: *00000000 <= 00000000
                1457@00003c48: $19 <= 00000000
                1457@00003c4c: *00000008 <= 00000000
                1461@00003c50: $12 <= 2d300000
                1463@00003c54: $ 8 <= 00000000
                1465@00003c58: $19 <= ff4a0000
                1467@00003c5c: $19 <= 00000000
                1467@00003c60: *00000004 <= 00000000
                1471@00003c64: $ 8 <= 1b1c0000
                1473@00003c68: $19 <= 0000f7c0
                1477@00003c70: $12 <= 1b1cf7c0
                1479@00003c7c: $12 <= 00000000
                1479@00003c80: *00000000 <= 00000000
                1483@00003c84: $ 8 <= 00000000
                1483@00003c88: *00000004 <= 0000f7c0
                1487@00003c8c: $12 <= 00000000
                1487@00003c90: *00000000 <= 0000f7c0
                1491@00003c94: $31 <= 00003c9c
                1493@00003c98: $ 8 <= 00000010
                1495@00003ca0: $ 8 <= 00003cac
                1503@00003cac: $12 <= 00000000
                1503@00003cb0: *00000000 <= 0000f7c0
                1507@00003cb4: $ 8 <= 0001346c
                1509@00003cb8: $ 8 <= 00000000
                1511@00003cbc: $12 <= 0000f7c0
                1513@00003cc0: $12 <= 00000000
                1515@00003cc4: $12 <= 00000000
                1517@00003cc8: $19 <= 00000000
                1521@00003ccc: $12 <= 00000000
                1525@00003cd4: $19 <= 00000000
                1527@00003cdc: $19 <= 00000000
                1529@00003ce0: $ 8 <= 00000000
                1531@00003ce4: $31 <= 00003cec
                1533@00003ce8: $19 <= 00000010
                1535@00003cf0: $19 <= 00003cfc
                1543@00003cfc: $19 <= ffffc304
                1545@00003d00: $ 8 <= ffffc304
                1547@00003d04: $19 <= ffffc304
                1549@00003d08: $31 <= 00003d10
                1551@00003d0c: $19 <= 00000010
                1553@00003d14: $19 <= 00003d20
                1561@00003d20: $12 <= 00007f7a
                1563@00003d24: $12 <= 6e700000
                1565@00003d28: $31 <= 00003d30
                1567@00003d2c: $ 8 <= 00000010
                1569@00003d34: $ 8 <= 00003d40
                1577@00003d40: $12 <= 00000000
                1579@00003d44: $ 8 <= 00000000
                1581@00003d48: $ 8 <= 00000000
                1581@00003d4c: *00000000 <= 00003d20
                1585@00003d50: $19 <= 00003d20
                1587@00003d54: $31 <= 00003d5c
                1589@00003d58: $ 8 <= 00000010
                1591@00003d60: $ 8 <= 00003d6c
                1599@00003d6c: $19 <= 00000000
                1599@00003d70: *00000004 <= 00000000
                1603@00003d74: $31 <= 00003d7c
                1605@00003d78: $12 <= 00000010
                1607@00003d80: $12 <= 00003d8c
                1617@00003d90: $12 <= 00000000
                1619@00003d9c: $12 <= 00000000
                1619@00003da0: *00000000 <= 00003d6c
                1623@00003da4: $31 <= 00003dac
                1625@00003da8: $12 <= 00000010
                1627@00003db0: $12 <= 00003dbc
                1635@00003dbc: $12 <= 00007ad8
                1637@00003dc0: $31 <= 00003dc8
                1639@00003dc4: $19 <= 00000010
                1641@00003dcc: $19 <= 00003dd8
                1649@00003dd8: $19 <= 21960000
                1651@00003ddc: $12 <= 00000000
                1653@00003de0: $ 8 <= 00000000
                1655@00003de4: $ 8 <= 21960000
                1657@00003de8: $19 <= 00000000
                1659@00003dec: $19 <= 00000000
                1661@00003df0: $12 <= 432c0000
                1663@00003df4: $19 <= 21960000
                1667@00003dfc: $19 <= 432c9f4f
                1669@00003e04: $19 <= de6a0000
                1671@00003e08: $19 <= 9d4f0000
                1673@00003e0c: $ 8 <= 00000000
                1675@00003e10: $ 8 <= 00000000
                1679@00003e14: $ 8 <= 9d4f0000
                1681@00003e18: $19 <= 93730000
                1683@00003e1c: $19 <= 00000000
                1683@00003e20: *00000004 <= 9d4f0000
                1689@00003e28: $ 8 <= 00000000
                1691@00003e34: $12 <= 00000000
                1691@00003e38: *00000008 <= 00000000
                1697@00003e40: $19 <= 00000000
                1699@00003e4c: $12 <= 00000000
                1701@00003e50: $19 <= 00003d6c
                1709@00003e58: $19 <= 00000000
                1709@00003e5c: *0000000c <= 00000000
                1713@00003e60: $19 <= 00000000
                1713@00003e64: *00000004 <= 00000000
                1717@00003e68: $12 <= 00000000
                1721@00003e70: $19 <= 00004de5
                1723@00003e78: $ 8 <= 17800000
                1727@00003e80: $12 <= 00004de5
                1729@00003e8c: $19 <= e8804de5
                1731@00003e90: $ 8 <= 00000000
                1733@00003e94: $12 <= 00003d6c
                1735@00003e98: $19 <= 00000000
                1735@00003e9c: *00000008 <= 00003d6c
                1739@00003ea0: $19 <= 00000000
                1741@00003ea4: $19 <= 00000000
                1743@00003ea8: $19 <= 0000fad0
                1745@00003eac: $19 <= 00000000
                1747@00003eb0: $ 8 <= 00003d6c
                1751@00003eb4: $ 8 <= 00000000
                1753@00003eb8: $31 <= 00003ec0
                1755@00003ebc: $ 8 <= 00000010
                1757@00003ec4: $ 8 <= 00003ed0
Stopped at time : 7199185 ns : File "D:/BUAA_Undergraduate/23-24autumn/CO_hw/P5/Pipeline/Pipeline/MW_PASS.v" Line 32
