#! /c/Source/iverilog-install/bin/vvp
:ivl_version "12.0 (devel)" "(s20150603-1110-g18392a46)";
:ivl_delay_selection "TYPICAL";
:vpi_time_precision - 12;
:vpi_module "D:\iverilog\lib\ivl\system.vpi";
:vpi_module "D:\iverilog\lib\ivl\vhdl_sys.vpi";
:vpi_module "D:\iverilog\lib\ivl\vhdl_textio.vpi";
:vpi_module "D:\iverilog\lib\ivl\v2005_math.vpi";
:vpi_module "D:\iverilog\lib\ivl\va_math.vpi";
S_00000257edb06990 .scope module, "code" "code" 2 21;
 .timescale -9 -12;
    .port_info 0 /INPUT 1 "Clk";
    .port_info 1 /INPUT 1 "Reset";
    .port_info 2 /INPUT 1 "Slt";
    .port_info 3 /INPUT 1 "En";
    .port_info 4 /OUTPUT 64 "Output0";
    .port_info 5 /OUTPUT 64 "Output1";
o00000257edb57fb8 .functor BUFZ 1, C4<z>; HiZ drive
v00000257edb06f30_0 .net "Clk", 0 0, o00000257edb57fb8;  0 drivers
o00000257edb57fe8 .functor BUFZ 1, C4<z>; HiZ drive
v00000257edb06b20_0 .net "En", 0 0, o00000257edb57fe8;  0 drivers
v00000257edb06bc0_0 .var "Output0", 63 0;
v00000257edb06c60_0 .var "Output1", 63 0;
o00000257edb58078 .functor BUFZ 1, C4<z>; HiZ drive
v00000257edb0ba10_0 .net "Reset", 0 0, o00000257edb58078;  0 drivers
o00000257edb580a8 .functor BUFZ 1, C4<z>; HiZ drive
v00000257edb0bab0_0 .net "Slt", 0 0, o00000257edb580a8;  0 drivers
v00000257edb0bb50_0 .var "cnt", 1 0;
E_00000257edb0c2f0 .event posedge, v00000257edb06f30_0;
    .scope S_00000257edb06990;
T_0 ;
    %pushi/vec4 1, 0, 2;
    %store/vec4 v00000257edb0bb50_0, 0, 2;
    %end;
    .thread T_0;
    .scope S_00000257edb06990;
T_1 ;
    %wait E_00000257edb0c2f0;
    %load/vec4 v00000257edb0ba10_0;
    %cmpi/e 1, 0, 1;
    %jmp/0xz  T_1.0, 4;
    %pushi/vec4 0, 0, 64;
    %assign/vec4 v00000257edb06bc0_0, 0;
    %pushi/vec4 0, 0, 64;
    %assign/vec4 v00000257edb06c60_0, 0;
    %jmp T_1.1;
T_1.0 ;
    %load/vec4 v00000257edb06b20_0;
    %cmpi/e 1, 0, 1;
    %jmp/0xz  T_1.2, 4;
    %load/vec4 v00000257edb0bab0_0;
    %cmpi/e 0, 0, 1;
    %jmp/0xz  T_1.4, 4;
    %load/vec4 v00000257edb06bc0_0;
    %addi 1, 0, 64;
    %assign/vec4 v00000257edb06bc0_0, 0;
    %load/vec4 v00000257edb06c60_0;
    %assign/vec4 v00000257edb06c60_0, 0;
    %jmp T_1.5;
T_1.4 ;
    %load/vec4 v00000257edb0bab0_0;
    %cmpi/e 1, 0, 1;
    %jmp/0xz  T_1.6, 4;
    %load/vec4 v00000257edb0bb50_0;
    %addi 1, 0, 2;
    %assign/vec4 v00000257edb0bb50_0, 0;
    %load/vec4 v00000257edb0bb50_0;
    %cmpi/e 0, 0, 2;
    %jmp/0xz  T_1.8, 4;
    %load/vec4 v00000257edb06bc0_0;
    %assign/vec4 v00000257edb06bc0_0, 0;
    %load/vec4 v00000257edb06c60_0;
    %addi 1, 0, 64;
    %assign/vec4 v00000257edb06c60_0, 0;
    %jmp T_1.9;
T_1.8 ;
    %load/vec4 v00000257edb06bc0_0;
    %assign/vec4 v00000257edb06bc0_0, 0;
    %load/vec4 v00000257edb06c60_0;
    %assign/vec4 v00000257edb06c60_0, 0;
T_1.9 ;
T_1.6 ;
T_1.5 ;
    %jmp T_1.3;
T_1.2 ;
    %load/vec4 v00000257edb06bc0_0;
    %assign/vec4 v00000257edb06bc0_0, 0;
    %load/vec4 v00000257edb06c60_0;
    %assign/vec4 v00000257edb06c60_0, 0;
T_1.3 ;
T_1.1 ;
    %jmp T_1;
    .thread T_1;
# The file index is used to find the file name in the following table.
:file_names 3;
    "N/A";
    "<interactive>";
    "code.v";
