ISim log file
Running: D:\BUAA_Undergraduate\23-24autumn\CO_hw\P4\CCCPU\tb_mips_isim_beh.exe -intstyle ise -gui -tclbatch isim.cmd -wdb D:/BUAA_Undergraduate/23-24autumn/CO_hw/P4/CCCPU/tb_mips_isim_beh.wdb 
ISim P.20131013 (signature 0x7708f090)
----------------------------------------------------------------------
WARNING:Security:42 - Your software subscription period has lapsed. Your current version of Xilinx tools will continue to function, but you no longer qualify for Xilinx software updates or new releases.


----------------------------------------------------------------------
This is a Full version of ISim.
Time resolution is 1 ps
# onerror resume
# wave add /
# run 1000 ns
Simulator is doing circuit initialization process.
Finished circuit initialization process.
@00003000: $20 <= 00000000
@00003004: $27 <= 370c0000
@00003008: $ 4 <= 00000000
@0000300c: $31 <= 00003010
@00003038: $12 <= 00000000
@00003060: *00001e5c <= 00000000
@000030a4: $20 <= 00000000
@000030ac: $22 <= 00000000
@000030e0: $31 <= 000030e4
@000030ec: $30 <= 15580000
@000030f0: *00000f7c <= 00000000
@000030f4: $30 <= 15582598
@000030f8: $ 2 <= 00000000
@000030fc: *000009ac <= 15582598
@00003100: $18 <= 00000000
@00003104: $23 <= 29c40000
@00003108: *000002a8 <= 00000000
@0000310c: $ 6 <= 00000000
@00003110: $ 7 <= 29c42304
@00003118: $ 2 <= 00000000
@00003120: $ 1 <= 00000000
@00003124: $16 <= 3ac80000
@00003128: $ 6 <= 10780000
@0000312c: $31 <= 00003130
@00003154: $12 <= 0b5c0000
@0000315c: $16 <= 00000000
@00003164: $ 2 <= 3d040000
@00003168: *00000bd4 <= 00000000
@0000316c: $ 4 <= 02f00000
@00003170: $27 <= 12682598
@00003174: *0000038c <= 12682598
@00003178: $31 <= 0000317c
@000031bc: $ 8 <= c2fc0000
@000031c0: *000019fc <= 00000000
@000031c4: $23 <= 00003a68
@000031cc: $21 <= 00000954
@000031d0: $14 <= 00000000
@000031d4: *00000a9c <= 10780000
@000031d8: $30 <= 000023b8
@000031e0: *00000d2c <= 00000000
@000031e4: $30 <= 2c6c0000
@0000320c: *00001b94 <= 0b5c0000
@00003214: $31 <= 10780000
@00003218: $ 4 <= 00003b58
@0000321c: $12 <= 00000000
@0000323c: $ 6 <= 107831c8
@00003240: $15 <= 000007a8
@00003244: $19 <= 00000000
@00003248: $31 <= 0000324c
@00003258: $ 8 <= 29c42304
@0000325c: $31 <= 00003260
@000032b8: $31 <= 000032bc
@000032ec: $ 9 <= 29c42304
@000032f0: *00001690 <= 00000000
@000032f4: $27 <= 126827d8
@000032f8: $11 <= 00000954
@000032fc: $31 <= 2c6c26e4
@00003304: $23 <= 00000000
@00003308: $31 <= 0000330c
@00003324: $31 <= 00003328
@00003350: $27 <= 00000000
@00003354: $19 <= 00000000
@00003358: *00001ec8 <= 29c42304
@0000335c: $14 <= 2c6c0000
@00003360: $31 <= 00003364
@00003398: $ 2 <= 00000330
@0000339c: $26 <= 00000000
@000033a0: $30 <= 20640000
@000033a4: $31 <= 000033a8
@000033d4: $14 <= 00000000
